CRITICAL - 2020-04-20 07:29:06 --> Call to undefined function CodeIgniter\Database\MySQLi\mysqli_init()
#0 /application/system/Database/BaseConnection.php(377): CodeIgniter\Database\MySQLi\Connection->connect()
#1 /application/system/Database/BaseConnection.php(643): CodeIgniter\Database\BaseConnection->initialize()
#2 /application/system/Database/BaseBuilder.php(1819): CodeIgniter\Database\BaseConnection->query()
#3 /application/system/Model.php(482): CodeIgniter\Database\BaseBuilder->get()
#4 /application/app/Models/UserModel.php(19): CodeIgniter\Model->first()
#5 /application/app/Controllers/User.php(22): App\Models\UserModel->getUser()
#6 /application/system/CodeIgniter.php(910): App\Controllers\User->index()
#7 /application/system/CodeIgniter.php(398): CodeIgniter\CodeIgniter->runController()
#8 /application/system/CodeIgniter.php(306): CodeIgniter\CodeIgniter->handleRequest()
#9 /application/public/index.php(45): CodeIgniter\CodeIgniter->run()
#10 {main}
CRITICAL - 2020-04-20 07:29:53 --> Call to undefined function CodeIgniter\Database\MySQLi\mysqli_init()
#0 /application/system/Database/BaseConnection.php(377): CodeIgniter\Database\MySQLi\Connection->connect()
#1 /application/system/Database/BaseConnection.php(643): CodeIgniter\Database\BaseConnection->initialize()
#2 /application/system/Database/BaseBuilder.php(1819): CodeIgniter\Database\BaseConnection->query()
#3 /application/system/Model.php(482): CodeIgniter\Database\BaseBuilder->get()
#4 /application/app/Models/UserModel.php(19): CodeIgniter\Model->first()
#5 /application/app/Controllers/User.php(36): App\Models\UserModel->getUser()
#6 /application/system/CodeIgniter.php(910): App\Controllers\User->view()
#7 /application/system/CodeIgniter.php(398): CodeIgniter\CodeIgniter->runController()
#8 /application/system/CodeIgniter.php(306): CodeIgniter\CodeIgniter->handleRequest()
#9 /application/public/index.php(45): CodeIgniter\CodeIgniter->run()
#10 {main}
CRITICAL - 2020-04-20 07:30:35 --> Call to undefined function CodeIgniter\Database\MySQLi\mysqli_init()
#0 /application/system/Database/BaseConnection.php(377): CodeIgniter\Database\MySQLi\Connection->connect()
#1 /application/system/Database/BaseConnection.php(643): CodeIgniter\Database\BaseConnection->initialize()
#2 /application/system/Database/BaseBuilder.php(1819): CodeIgniter\Database\BaseConnection->query()
#3 /application/system/Model.php(482): CodeIgniter\Database\BaseBuilder->get()
#4 /application/app/Models/UserModel.php(19): CodeIgniter\Model->first()
#5 /application/app/Controllers/User.php(36): App\Models\UserModel->getUser()
#6 /application/system/CodeIgniter.php(910): App\Controllers\User->view()
#7 /application/system/CodeIgniter.php(398): CodeIgniter\CodeIgniter->runController()
#8 /application/system/CodeIgniter.php(306): CodeIgniter\CodeIgniter->handleRequest()
#9 /application/public/index.php(45): CodeIgniter\CodeIgniter->run()
#10 {main}
CRITICAL - 2020-04-20 07:30:39 --> Call to undefined function CodeIgniter\Database\MySQLi\mysqli_init()
#0 /application/system/Database/BaseConnection.php(377): CodeIgniter\Database\MySQLi\Connection->connect()
#1 /application/system/Database/BaseConnection.php(643): CodeIgniter\Database\BaseConnection->initialize()
#2 /application/system/Database/BaseBuilder.php(1819): CodeIgniter\Database\BaseConnection->query()
#3 /application/system/Model.php(482): CodeIgniter\Database\BaseBuilder->get()
#4 /application/app/Models/UserModel.php(19): CodeIgniter\Model->first()
#5 /application/app/Controllers/User.php(36): App\Models\UserModel->getUser()
#6 /application/system/CodeIgniter.php(910): App\Controllers\User->view()
#7 /application/system/CodeIgniter.php(398): CodeIgniter\CodeIgniter->runController()
#8 /application/system/CodeIgniter.php(306): CodeIgniter\CodeIgniter->handleRequest()
#9 /application/public/index.php(45): CodeIgniter\CodeIgniter->run()
#10 {main}
CRITICAL - 2020-04-20 07:31:06 --> Call to undefined function CodeIgniter\Database\MySQLi\mysqli_init()
#0 /application/system/Database/BaseConnection.php(377): CodeIgniter\Database\MySQLi\Connection->connect()
#1 /application/system/Database/BaseConnection.php(643): CodeIgniter\Database\BaseConnection->initialize()
#2 /application/system/Database/BaseBuilder.php(1819): CodeIgniter\Database\BaseConnection->query()
#3 /application/system/Model.php(482): CodeIgniter\Database\BaseBuilder->get()
#4 /application/app/Models/UserModel.php(19): CodeIgniter\Model->first()
#5 /application/app/Controllers/User.php(36): App\Models\UserModel->getUser()
#6 /application/system/CodeIgniter.php(910): App\Controllers\User->view()
#7 /application/system/CodeIgniter.php(398): CodeIgniter\CodeIgniter->runController()
#8 /application/system/CodeIgniter.php(306): CodeIgniter\CodeIgniter->handleRequest()
#9 /application/public/index.php(45): CodeIgniter\CodeIgniter->run()
#10 {main}
CRITICAL - 2020-04-20 07:34:44 --> Call to undefined function CodeIgniter\Database\MySQLi\mysqli_init()
#0 /application/system/Database/BaseConnection.php(377): CodeIgniter\Database\MySQLi\Connection->connect()
#1 /application/system/Database/BaseConnection.php(643): CodeIgniter\Database\BaseConnection->initialize()
#2 /application/system/Database/BaseBuilder.php(1819): CodeIgniter\Database\BaseConnection->query()
#3 /application/system/Model.php(445): CodeIgniter\Database\BaseBuilder->get()
#4 /application/app/Models/UserModel.php(15): CodeIgniter\Model->findAll()
#5 /application/app/Controllers/User.php(23): App\Models\UserModel->getUser()
#6 /application/system/CodeIgniter.php(910): App\Controllers\User->index()
#7 /application/system/CodeIgniter.php(398): CodeIgniter\CodeIgniter->runController()
#8 /application/system/CodeIgniter.php(306): CodeIgniter\CodeIgniter->handleRequest()
#9 /application/public/index.php(45): CodeIgniter\CodeIgniter->run()
#10 {main}
CRITICAL - 2020-04-20 08:02:45 --> Call to undefined function CodeIgniter\Database\MySQLi\mysqli_init()
#0 /application/system/Database/BaseConnection.php(377): CodeIgniter\Database\MySQLi\Connection->connect()
#1 /application/system/Database/BaseConnection.php(643): CodeIgniter\Database\BaseConnection->initialize()
#2 /application/system/Database/BaseBuilder.php(2206): CodeIgniter\Database\BaseConnection->query()
#3 /application/system/Model.php(722): CodeIgniter\Database\BaseBuilder->insert()
#4 /application/system/Model.php(550): CodeIgniter\Model->insert()
#5 /application/app/Controllers/User.php(72): CodeIgniter\Model->save()
#6 /application/system/CodeIgniter.php(910): App\Controllers\User->create()
#7 /application/system/CodeIgniter.php(398): CodeIgniter\CodeIgniter->runController()
#8 /application/system/CodeIgniter.php(306): CodeIgniter\CodeIgniter->handleRequest()
#9 /application/public/index.php(45): CodeIgniter\CodeIgniter->run()
#10 {main}
CRITICAL - 2020-04-20 08:03:10 --> Call to undefined function CodeIgniter\Database\MySQLi\mysqli_init()
#0 /application/system/Database/BaseConnection.php(377): CodeIgniter\Database\MySQLi\Connection->connect()
#1 /application/system/Database/BaseConnection.php(643): CodeIgniter\Database\BaseConnection->initialize()
#2 /application/system/Database/BaseBuilder.php(2206): CodeIgniter\Database\BaseConnection->query()
#3 /application/system/Model.php(722): CodeIgniter\Database\BaseBuilder->insert()
#4 /application/system/Model.php(550): CodeIgniter\Model->insert()
#5 /application/app/Controllers/User.php(72): CodeIgniter\Model->save()
#6 /application/system/CodeIgniter.php(910): App\Controllers\User->create()
#7 /application/system/CodeIgniter.php(398): CodeIgniter\CodeIgniter->runController()
#8 /application/system/CodeIgniter.php(306): CodeIgniter\CodeIgniter->handleRequest()
#9 /application/public/index.php(45): CodeIgniter\CodeIgniter->run()
#10 {main}
CRITICAL - 2020-04-20 08:03:33 --> Call to undefined function CodeIgniter\Database\MySQLi\mysqli_init()
#0 /application/system/Database/BaseConnection.php(377): CodeIgniter\Database\MySQLi\Connection->connect()
#1 /application/system/Database/BaseConnection.php(643): CodeIgniter\Database\BaseConnection->initialize()
#2 /application/system/Database/BaseBuilder.php(2206): CodeIgniter\Database\BaseConnection->query()
#3 /application/system/Model.php(722): CodeIgniter\Database\BaseBuilder->insert()
#4 /application/system/Model.php(550): CodeIgniter\Model->insert()
#5 /application/app/Controllers/User.php(73): CodeIgniter\Model->save()
#6 /application/system/CodeIgniter.php(910): App\Controllers\User->create()
#7 /application/system/CodeIgniter.php(398): CodeIgniter\CodeIgniter->runController()
#8 /application/system/CodeIgniter.php(306): CodeIgniter\CodeIgniter->handleRequest()
#9 /application/public/index.php(45): CodeIgniter\CodeIgniter->run()
#10 {main}
CRITICAL - 2020-04-20 08:16:35 --> Call to undefined function CodeIgniter\Database\MySQLi\mysqli_init()
#0 /application/system/Database/BaseConnection.php(377): CodeIgniter\Database\MySQLi\Connection->connect()
#1 /application/system/Database/BaseConnection.php(643): CodeIgniter\Database\BaseConnection->initialize()
#2 /application/system/Database/BaseBuilder.php(2206): CodeIgniter\Database\BaseConnection->query()
#3 /application/system/Model.php(722): CodeIgniter\Database\BaseBuilder->insert()
#4 /application/system/Model.php(550): CodeIgniter\Model->insert()
#5 /application/app/Controllers/User.php(71): CodeIgniter\Model->save()
#6 /application/system/CodeIgniter.php(910): App\Controllers\User->create()
#7 /application/system/CodeIgniter.php(398): CodeIgniter\CodeIgniter->runController()
#8 /application/system/CodeIgniter.php(306): CodeIgniter\CodeIgniter->handleRequest()
#9 /application/public/index.php(45): CodeIgniter\CodeIgniter->run()
#10 {main}
CRITICAL - 2020-04-20 08:19:08 --> Call to undefined function CodeIgniter\Database\MySQLi\mysqli_init()
#0 /application/system/Database/BaseConnection.php(377): CodeIgniter\Database\MySQLi\Connection->connect()
#1 /application/system/Database/BaseConnection.php(643): CodeIgniter\Database\BaseConnection->initialize()
#2 /application/system/Database/BaseBuilder.php(2206): CodeIgniter\Database\BaseConnection->query()
#3 /application/system/Model.php(722): CodeIgniter\Database\BaseBuilder->insert()
#4 /application/system/Model.php(550): CodeIgniter\Model->insert()
#5 /application/app/Controllers/User.php(71): CodeIgniter\Model->save()
#6 /application/system/CodeIgniter.php(910): App\Controllers\User->create()
#7 /application/system/CodeIgniter.php(398): CodeIgniter\CodeIgniter->runController()
#8 /application/system/CodeIgniter.php(306): CodeIgniter\CodeIgniter->handleRequest()
#9 /application/public/index.php(45): CodeIgniter\CodeIgniter->run()
#10 {main}
CRITICAL - 2020-04-20 08:19:50 --> Call to undefined function CodeIgniter\Database\MySQLi\mysqli_init()
#0 /application/system/Database/BaseConnection.php(377): CodeIgniter\Database\MySQLi\Connection->connect()
#1 /application/system/Database/BaseConnection.php(643): CodeIgniter\Database\BaseConnection->initialize()
#2 /application/system/Database/BaseBuilder.php(2206): CodeIgniter\Database\BaseConnection->query()
#3 /application/system/Model.php(722): CodeIgniter\Database\BaseBuilder->insert()
#4 /application/system/Model.php(550): CodeIgniter\Model->insert()
#5 /application/app/Controllers/User.php(71): CodeIgniter\Model->save()
#6 /application/system/CodeIgniter.php(910): App\Controllers\User->create()
#7 /application/system/CodeIgniter.php(398): CodeIgniter\CodeIgniter->runController()
#8 /application/system/CodeIgniter.php(306): CodeIgniter\CodeIgniter->handleRequest()
#9 /application/public/index.php(45): CodeIgniter\CodeIgniter->run()
#10 {main}
CRITICAL - 2020-04-20 08:20:19 --> Call to undefined function CodeIgniter\Database\MySQLi\mysqli_init()
#0 /application/system/Database/BaseConnection.php(377): CodeIgniter\Database\MySQLi\Connection->connect()
#1 /application/system/Database/BaseConnection.php(643): CodeIgniter\Database\BaseConnection->initialize()
#2 /application/system/Database/BaseBuilder.php(2206): CodeIgniter\Database\BaseConnection->query()
#3 /application/system/Model.php(722): CodeIgniter\Database\BaseBuilder->insert()
#4 /application/system/Model.php(550): CodeIgniter\Model->insert()
#5 /application/app/Controllers/User.php(71): CodeIgniter\Model->save()
#6 /application/system/CodeIgniter.php(910): App\Controllers\User->create()
#7 /application/system/CodeIgniter.php(398): CodeIgniter\CodeIgniter->runController()
#8 /application/system/CodeIgniter.php(306): CodeIgniter\CodeIgniter->handleRequest()
#9 /application/public/index.php(45): CodeIgniter\CodeIgniter->run()
#10 {main}
