CRITICAL - 2020-04-22 00:09:17 --> Too few arguments to function App\Controllers\User::get(), 0 passed in /application/system/CodeIgniter.php on line 910 and exactly 1 expected
#0 /application/system/CodeIgniter.php(910): App\Controllers\User->get()
#1 /application/system/CodeIgniter.php(398): CodeIgniter\CodeIgniter->runController()
#2 /application/system/CodeIgniter.php(306): CodeIgniter\CodeIgniter->handleRequest()
#3 /application/public/index.php(45): CodeIgniter\CodeIgniter->run()
#4 {main}
CRITICAL - 2020-04-22 00:09:19 --> Too few arguments to function App\Controllers\User::get(), 0 passed in /application/system/CodeIgniter.php on line 910 and exactly 1 expected
#0 /application/system/CodeIgniter.php(910): App\Controllers\User->get()
#1 /application/system/CodeIgniter.php(398): CodeIgniter\CodeIgniter->runController()
#2 /application/system/CodeIgniter.php(306): CodeIgniter\CodeIgniter->handleRequest()
#3 /application/public/index.php(45): CodeIgniter\CodeIgniter->run()
#4 {main}
CRITICAL - 2020-04-22 00:10:32 --> Too few arguments to function App\Controllers\User::get(), 0 passed in /application/system/CodeIgniter.php on line 910 and exactly 1 expected
#0 /application/system/CodeIgniter.php(910): App\Controllers\User->get()
#1 /application/system/CodeIgniter.php(398): CodeIgniter\CodeIgniter->runController()
#2 /application/system/CodeIgniter.php(306): CodeIgniter\CodeIgniter->handleRequest()
#3 /application/public/index.php(45): CodeIgniter\CodeIgniter->run()
#4 {main}
CRITICAL - 2020-04-22 00:10:34 --> Too few arguments to function App\Controllers\User::get(), 0 passed in /application/system/CodeIgniter.php on line 910 and exactly 1 expected
#0 /application/system/CodeIgniter.php(910): App\Controllers\User->get()
#1 /application/system/CodeIgniter.php(398): CodeIgniter\CodeIgniter->runController()
#2 /application/system/CodeIgniter.php(306): CodeIgniter\CodeIgniter->handleRequest()
#3 /application/public/index.php(45): CodeIgniter\CodeIgniter->run()
#4 {main}
CRITICAL - 2020-04-22 00:11:04 --> Use of undefined constant id - assumed 'id' (this will throw an Error in a future version of PHP)
#0 /application/app/Controllers/User.php(30): CodeIgniter\Debug\Exceptions->errorHandler()
#1 /application/system/CodeIgniter.php(910): App\Controllers\User->get()
#2 /application/system/CodeIgniter.php(398): CodeIgniter\CodeIgniter->runController()
#3 /application/system/CodeIgniter.php(306): CodeIgniter\CodeIgniter->handleRequest()
#4 /application/public/index.php(45): CodeIgniter\CodeIgniter->run()
#5 {main}
CRITICAL - 2020-04-22 00:12:16 --> Use of undefined constant id - assumed 'id' (this will throw an Error in a future version of PHP)
#0 /application/app/Controllers/User.php(30): CodeIgniter\Debug\Exceptions->errorHandler()
#1 /application/system/CodeIgniter.php(910): App\Controllers\User->get()
#2 /application/system/CodeIgniter.php(398): CodeIgniter\CodeIgniter->runController()
#3 /application/system/CodeIgniter.php(306): CodeIgniter\CodeIgniter->handleRequest()
#4 /application/public/index.php(45): CodeIgniter\CodeIgniter->run()
#5 {main}
CRITICAL - 2020-04-22 00:12:36 --> Use of undefined constant id - assumed 'id' (this will throw an Error in a future version of PHP)
#0 /application/app/Controllers/User.php(32): CodeIgniter\Debug\Exceptions->errorHandler()
#1 /application/system/CodeIgniter.php(910): App\Controllers\User->get()
#2 /application/system/CodeIgniter.php(398): CodeIgniter\CodeIgniter->runController()
#3 /application/system/CodeIgniter.php(306): CodeIgniter\CodeIgniter->handleRequest()
#4 /application/public/index.php(45): CodeIgniter\CodeIgniter->run()
#5 {main}
CRITICAL - 2020-04-22 00:26:02 --> needed valid params
#0 /application/system/CodeIgniter.php(910): App\Controllers\User->get()
#1 /application/system/CodeIgniter.php(398): CodeIgniter\CodeIgniter->runController()
#2 /application/system/CodeIgniter.php(306): CodeIgniter\CodeIgniter->handleRequest()
#3 /application/public/index.php(45): CodeIgniter\CodeIgniter->run()
#4 {main}
CRITICAL - 2020-04-22 00:26:14 --> needed valid params
#0 /application/system/CodeIgniter.php(910): App\Controllers\User->get()
#1 /application/system/CodeIgniter.php(398): CodeIgniter\CodeIgniter->runController()
#2 /application/system/CodeIgniter.php(306): CodeIgniter\CodeIgniter->handleRequest()
#3 /application/public/index.php(45): CodeIgniter\CodeIgniter->run()
#4 {main}
CRITICAL - 2020-04-22 00:26:15 --> needed valid params
#0 /application/system/CodeIgniter.php(910): App\Controllers\User->get()
#1 /application/system/CodeIgniter.php(398): CodeIgniter\CodeIgniter->runController()
#2 /application/system/CodeIgniter.php(306): CodeIgniter\CodeIgniter->handleRequest()
#3 /application/public/index.php(45): CodeIgniter\CodeIgniter->run()
#4 {main}
CRITICAL - 2020-04-22 00:26:49 --> needed valid params
#0 /application/system/CodeIgniter.php(910): App\Controllers\User->get()
#1 /application/system/CodeIgniter.php(398): CodeIgniter\CodeIgniter->runController()
#2 /application/system/CodeIgniter.php(306): CodeIgniter\CodeIgniter->handleRequest()
#3 /application/public/index.php(45): CodeIgniter\CodeIgniter->run()
#4 {main}
CRITICAL - 2020-04-22 00:27:59 --> needed valid params
#0 /application/system/CodeIgniter.php(910): App\Controllers\User->get()
#1 /application/system/CodeIgniter.php(398): CodeIgniter\CodeIgniter->runController()
#2 /application/system/CodeIgniter.php(306): CodeIgniter\CodeIgniter->handleRequest()
#3 /application/public/index.php(45): CodeIgniter\CodeIgniter->run()
#4 {main}
CRITICAL - 2020-04-22 00:28:01 --> needed valid params
#0 /application/system/CodeIgniter.php(910): App\Controllers\User->get()
#1 /application/system/CodeIgniter.php(398): CodeIgniter\CodeIgniter->runController()
#2 /application/system/CodeIgniter.php(306): CodeIgniter\CodeIgniter->handleRequest()
#3 /application/public/index.php(45): CodeIgniter\CodeIgniter->run()
#4 {main}
CRITICAL - 2020-04-22 00:28:10 --> Class 'App\Controllers\Exception' not found
#0 /application/system/CodeIgniter.php(910): App\Controllers\User->get()
#1 /application/system/CodeIgniter.php(398): CodeIgniter\CodeIgniter->runController()
#2 /application/system/CodeIgniter.php(306): CodeIgniter\CodeIgniter->handleRequest()
#3 /application/public/index.php(45): CodeIgniter\CodeIgniter->run()
#4 {main}
CRITICAL - 2020-04-22 00:31:24 --> Cannot use object of type Exception as array
#0 /application/system/CodeIgniter.php(910): App\Controllers\User->get()
#1 /application/system/CodeIgniter.php(398): CodeIgniter\CodeIgniter->runController()
#2 /application/system/CodeIgniter.php(306): CodeIgniter\CodeIgniter->handleRequest()
#3 /application/public/index.php(45): CodeIgniter\CodeIgniter->run()
#4 {main}
CRITICAL - 2020-04-22 00:31:27 --> Cannot use object of type Exception as array
#0 /application/system/CodeIgniter.php(910): App\Controllers\User->get()
#1 /application/system/CodeIgniter.php(398): CodeIgniter\CodeIgniter->runController()
#2 /application/system/CodeIgniter.php(306): CodeIgniter\CodeIgniter->handleRequest()
#3 /application/public/index.php(45): CodeIgniter\CodeIgniter->run()
#4 {main}
CRITICAL - 2020-04-22 00:31:33 --> Cannot use object of type Exception as array
#0 /application/system/CodeIgniter.php(910): App\Controllers\User->get()
#1 /application/system/CodeIgniter.php(398): CodeIgniter\CodeIgniter->runController()
#2 /application/system/CodeIgniter.php(306): CodeIgniter\CodeIgniter->handleRequest()
#3 /application/public/index.php(45): CodeIgniter\CodeIgniter->run()
#4 {main}
CRITICAL - 2020-04-22 01:18:27 --> Call to undefined function CodeIgniter\Database\MySQLi\mysqli_init()
#0 /application/system/Database/BaseConnection.php(377): CodeIgniter\Database\MySQLi\Connection->connect()
#1 /application/system/Database/BaseConnection.php(643): CodeIgniter\Database\BaseConnection->initialize()
#2 /application/system/Database/BaseBuilder.php(2206): CodeIgniter\Database\BaseConnection->query()
#3 /application/system/Model.php(722): CodeIgniter\Database\BaseBuilder->insert()
#4 /application/system/Model.php(550): CodeIgniter\Model->insert()
#5 /application/app/Controllers/User.php(61): CodeIgniter\Model->save()
#6 /application/system/CodeIgniter.php(910): App\Controllers\User->create()
#7 /application/system/CodeIgniter.php(398): CodeIgniter\CodeIgniter->runController()
#8 /application/system/CodeIgniter.php(306): CodeIgniter\CodeIgniter->handleRequest()
#9 /application/public/index.php(45): CodeIgniter\CodeIgniter->run()
#10 {main}
CRITICAL - 2020-04-22 01:41:02 --> Call to undefined function CodeIgniter\Database\MySQLi\mysqli_init()
#0 /application/system/Database/BaseConnection.php(377): CodeIgniter\Database\MySQLi\Connection->connect()
#1 /application/system/Database/BaseConnection.php(643): CodeIgniter\Database\BaseConnection->initialize()
#2 /application/app/Models/UserModel.php(54): CodeIgniter\Database\BaseConnection->query()
#3 /application/app/Models/UserModel.php(50): App\Models\UserModel->test()
#4 /application/app/Controllers/User.php(26): App\Models\UserModel->get()
#5 /application/system/CodeIgniter.php(910): App\Controllers\User->get()
#6 /application/system/CodeIgniter.php(398): CodeIgniter\CodeIgniter->runController()
#7 /application/system/CodeIgniter.php(306): CodeIgniter\CodeIgniter->handleRequest()
#8 /application/public/index.php(45): CodeIgniter\CodeIgniter->run()
#9 {main}
CRITICAL - 2020-04-22 01:41:14 --> Call to undefined function CodeIgniter\Database\MySQLi\mysqli_init()
#0 /application/system/Database/BaseConnection.php(377): CodeIgniter\Database\MySQLi\Connection->connect()
#1 /application/system/Database/BaseConnection.php(643): CodeIgniter\Database\BaseConnection->initialize()
#2 /application/app/Models/UserModel.php(54): CodeIgniter\Database\BaseConnection->query()
#3 /application/app/Models/UserModel.php(50): App\Models\UserModel->test()
#4 /application/app/Controllers/User.php(26): App\Models\UserModel->get()
#5 /application/system/CodeIgniter.php(910): App\Controllers\User->get()
#6 /application/system/CodeIgniter.php(398): CodeIgniter\CodeIgniter->runController()
#7 /application/system/CodeIgniter.php(306): CodeIgniter\CodeIgniter->handleRequest()
#8 /application/public/index.php(45): CodeIgniter\CodeIgniter->run()
#9 {main}
CRITICAL - 2020-04-22 01:41:42 --> Call to undefined function CodeIgniter\Database\MySQLi\mysqli_init()
#0 /application/system/Database/BaseConnection.php(377): CodeIgniter\Database\MySQLi\Connection->connect()
#1 /application/system/Database/BaseConnection.php(643): CodeIgniter\Database\BaseConnection->initialize()
#2 /application/app/Models/UserModel.php(54): CodeIgniter\Database\BaseConnection->query()
#3 /application/app/Models/UserModel.php(50): App\Models\UserModel->test()
#4 /application/app/Controllers/User.php(26): App\Models\UserModel->get()
#5 /application/system/CodeIgniter.php(910): App\Controllers\User->get()
#6 /application/system/CodeIgniter.php(398): CodeIgniter\CodeIgniter->runController()
#7 /application/system/CodeIgniter.php(306): CodeIgniter\CodeIgniter->handleRequest()
#8 /application/public/index.php(45): CodeIgniter\CodeIgniter->run()
#9 {main}
CRITICAL - 2020-04-22 01:42:21 --> Call to undefined function CodeIgniter\Database\MySQLi\mysqli_init()
#0 /application/system/Database/BaseConnection.php(377): CodeIgniter\Database\MySQLi\Connection->connect()
#1 /application/system/Database/BaseConnection.php(643): CodeIgniter\Database\BaseConnection->initialize()
#2 /application/app/Models/UserModel.php(51): CodeIgniter\Database\BaseConnection->query()
#3 /application/app/Controllers/User.php(26): App\Models\UserModel->get()
#4 /application/system/CodeIgniter.php(910): App\Controllers\User->get()
#5 /application/system/CodeIgniter.php(398): CodeIgniter\CodeIgniter->runController()
#6 /application/system/CodeIgniter.php(306): CodeIgniter\CodeIgniter->handleRequest()
#7 /application/public/index.php(45): CodeIgniter\CodeIgniter->run()
#8 {main}
CRITICAL - 2020-04-22 02:09:35 --> Call to undefined function CodeIgniter\Database\MySQLi\mysqli_init()
#0 /application/system/Database/BaseConnection.php(377): CodeIgniter\Database\MySQLi\Connection->connect()
#1 /application/system/Database/BaseConnection.php(643): CodeIgniter\Database\BaseConnection->initialize()
#2 /application/app/Models/UserModel.php(51): CodeIgniter\Database\BaseConnection->query()
#3 /application/app/Controllers/User.php(26): App\Models\UserModel->get()
#4 /application/system/CodeIgniter.php(910): App\Controllers\User->get()
#5 /application/system/CodeIgniter.php(398): CodeIgniter\CodeIgniter->runController()
#6 /application/system/CodeIgniter.php(306): CodeIgniter\CodeIgniter->handleRequest()
#7 /application/public/index.php(45): CodeIgniter\CodeIgniter->run()
#8 {main}
CRITICAL - 2020-04-22 02:10:45 --> Call to undefined function CodeIgniter\Database\MySQLi\mysqli_init()
#0 /application/system/Database/BaseConnection.php(377): CodeIgniter\Database\MySQLi\Connection->connect()
#1 /application/system/Database/BaseConnection.php(643): CodeIgniter\Database\BaseConnection->initialize()
#2 /application/app/Models/UserModel.php(51): CodeIgniter\Database\BaseConnection->query()
#3 /application/app/Controllers/User.php(26): App\Models\UserModel->get()
#4 /application/system/CodeIgniter.php(910): App\Controllers\User->get()
#5 /application/system/CodeIgniter.php(398): CodeIgniter\CodeIgniter->runController()
#6 /application/system/CodeIgniter.php(306): CodeIgniter\CodeIgniter->handleRequest()
#7 /application/public/index.php(45): CodeIgniter\CodeIgniter->run()
#8 {main}
CRITICAL - 2020-04-22 02:12:20 --> Call to undefined function CodeIgniter\Database\MySQLi\mysqli_init()
#0 /application/system/Database/BaseConnection.php(377): CodeIgniter\Database\MySQLi\Connection->connect()
#1 /application/system/Database/BaseConnection.php(643): CodeIgniter\Database\BaseConnection->initialize()
#2 /application/app/Models/UserModel.php(51): CodeIgniter\Database\BaseConnection->query()
#3 /application/app/Controllers/User.php(26): App\Models\UserModel->get()
#4 /application/system/CodeIgniter.php(910): App\Controllers\User->get()
#5 /application/system/CodeIgniter.php(398): CodeIgniter\CodeIgniter->runController()
#6 /application/system/CodeIgniter.php(306): CodeIgniter\CodeIgniter->handleRequest()
#7 /application/public/index.php(45): CodeIgniter\CodeIgniter->run()
#8 {main}
CRITICAL - 2020-04-22 02:13:32 --> Cannot call constructor
#0 /application/system/CodeIgniter.php(882): App\Controllers\User->__construct()
#1 /application/system/CodeIgniter.php(393): CodeIgniter\CodeIgniter->createController()
#2 /application/system/CodeIgniter.php(306): CodeIgniter\CodeIgniter->handleRequest()
#3 /application/public/index.php(45): CodeIgniter\CodeIgniter->run()
#4 {main}
CRITICAL - 2020-04-22 02:13:58 --> Cannot call constructor
#0 /application/system/CodeIgniter.php(882): App\Controllers\User->__construct()
#1 /application/system/CodeIgniter.php(393): CodeIgniter\CodeIgniter->createController()
#2 /application/system/CodeIgniter.php(306): CodeIgniter\CodeIgniter->handleRequest()
#3 /application/public/index.php(45): CodeIgniter\CodeIgniter->run()
#4 {main}
CRITICAL - 2020-04-22 02:14:09 --> Cannot call constructor
#0 /application/system/CodeIgniter.php(882): App\Controllers\User->__construct()
#1 /application/system/CodeIgniter.php(393): CodeIgniter\CodeIgniter->createController()
#2 /application/system/CodeIgniter.php(306): CodeIgniter\CodeIgniter->handleRequest()
#3 /application/public/index.php(45): CodeIgniter\CodeIgniter->run()
#4 {main}
CRITICAL - 2020-04-22 02:14:42 --> Cannot call constructor
#0 /application/system/CodeIgniter.php(882): App\Controllers\User->__construct()
#1 /application/system/CodeIgniter.php(393): CodeIgniter\CodeIgniter->createController()
#2 /application/system/CodeIgniter.php(306): CodeIgniter\CodeIgniter->handleRequest()
#3 /application/public/index.php(45): CodeIgniter\CodeIgniter->run()
#4 {main}
CRITICAL - 2020-04-22 02:14:50 --> Call to a member function database() on null
#0 /application/system/CodeIgniter.php(882): App\Controllers\User->__construct()
#1 /application/system/CodeIgniter.php(393): CodeIgniter\CodeIgniter->createController()
#2 /application/system/CodeIgniter.php(306): CodeIgniter\CodeIgniter->handleRequest()
#3 /application/public/index.php(45): CodeIgniter\CodeIgniter->run()
#4 {main}
CRITICAL - 2020-04-22 02:17:55 --> Call to undefined function CodeIgniter\Database\MySQLi\mysqli_init()
#0 /application/system/Database/BaseConnection.php(377): CodeIgniter\Database\MySQLi\Connection->connect()
#1 /application/system/Database/BaseConnection.php(643): CodeIgniter\Database\BaseConnection->initialize()
#2 /application/app/Controllers/User.php(23): CodeIgniter\Database\BaseConnection->query()
#3 /application/system/CodeIgniter.php(910): App\Controllers\User->get()
#4 /application/system/CodeIgniter.php(398): CodeIgniter\CodeIgniter->runController()
#5 /application/system/CodeIgniter.php(306): CodeIgniter\CodeIgniter->handleRequest()
#6 /application/public/index.php(45): CodeIgniter\CodeIgniter->run()
#7 {main}
CRITICAL - 2020-04-22 02:18:27 --> Call to undefined function CodeIgniter\Database\MySQLi\mysqli_init()
#0 /application/system/Database/BaseConnection.php(377): CodeIgniter\Database\MySQLi\Connection->connect()
#1 /application/system/Database/BaseConnection.php(643): CodeIgniter\Database\BaseConnection->initialize()
#2 /application/app/Controllers/User.php(24): CodeIgniter\Database\BaseConnection->query()
#3 /application/system/CodeIgniter.php(910): App\Controllers\User->get()
#4 /application/system/CodeIgniter.php(398): CodeIgniter\CodeIgniter->runController()
#5 /application/system/CodeIgniter.php(306): CodeIgniter\CodeIgniter->handleRequest()
#6 /application/public/index.php(45): CodeIgniter\CodeIgniter->run()
#7 {main}
CRITICAL - 2020-04-22 02:18:42 --> Call to undefined function CodeIgniter\Database\MySQLi\mysqli_init()
#0 /application/system/Database/BaseConnection.php(377): CodeIgniter\Database\MySQLi\Connection->connect()
#1 /application/system/Database/BaseConnection.php(643): CodeIgniter\Database\BaseConnection->initialize()
#2 /application/app/Controllers/User.php(24): CodeIgniter\Database\BaseConnection->query()
#3 /application/system/CodeIgniter.php(910): App\Controllers\User->get()
#4 /application/system/CodeIgniter.php(398): CodeIgniter\CodeIgniter->runController()
#5 /application/system/CodeIgniter.php(306): CodeIgniter\CodeIgniter->handleRequest()
#6 /application/public/index.php(45): CodeIgniter\CodeIgniter->run()
#7 {main}
CRITICAL - 2020-04-22 02:19:21 --> Call to undefined function CodeIgniter\Database\MySQLi\mysqli_init()
#0 /application/system/Database/BaseConnection.php(377): CodeIgniter\Database\MySQLi\Connection->connect()
#1 /application/system/Database/BaseConnection.php(643): CodeIgniter\Database\BaseConnection->initialize()
#2 /application/app/Controllers/User.php(24): CodeIgniter\Database\BaseConnection->query()
#3 /application/system/CodeIgniter.php(910): App\Controllers\User->get()
#4 /application/system/CodeIgniter.php(398): CodeIgniter\CodeIgniter->runController()
#5 /application/system/CodeIgniter.php(306): CodeIgniter\CodeIgniter->handleRequest()
#6 /application/public/index.php(45): CodeIgniter\CodeIgniter->run()
#7 {main}
CRITICAL - 2020-04-22 02:20:16 --> Call to undefined function CodeIgniter\Database\MySQLi\mysqli_init()
#0 /application/system/Database/BaseConnection.php(377): CodeIgniter\Database\MySQLi\Connection->connect()
#1 /application/system/Database/BaseConnection.php(643): CodeIgniter\Database\BaseConnection->initialize()
#2 /application/app/Controllers/User.php(24): CodeIgniter\Database\BaseConnection->query()
#3 /application/system/CodeIgniter.php(910): App\Controllers\User->get()
#4 /application/system/CodeIgniter.php(398): CodeIgniter\CodeIgniter->runController()
#5 /application/system/CodeIgniter.php(306): CodeIgniter\CodeIgniter->handleRequest()
#6 /application/public/index.php(45): CodeIgniter\CodeIgniter->run()
#7 {main}
CRITICAL - 2020-04-22 02:21:34 --> Object of class App\Controllers\User could not be converted to string
#0 /application/system/CodeIgniter.php(910): App\Controllers\User->get()
#1 /application/system/CodeIgniter.php(398): CodeIgniter\CodeIgniter->runController()
#2 /application/system/CodeIgniter.php(306): CodeIgniter\CodeIgniter->handleRequest()
#3 /application/public/index.php(45): CodeIgniter\CodeIgniter->run()
#4 {main}
CRITICAL - 2020-04-22 02:24:57 --> Call to undefined function CodeIgniter\Database\MySQLi\mysqli_init()
#0 /application/system/Database/BaseConnection.php(377): CodeIgniter\Database\MySQLi\Connection->connect()
#1 /application/system/Database/BaseConnection.php(643): CodeIgniter\Database\BaseConnection->initialize()
#2 /application/app/Controllers/User.php(25): CodeIgniter\Database\BaseConnection->query()
#3 /application/system/CodeIgniter.php(910): App\Controllers\User->get()
#4 /application/system/CodeIgniter.php(398): CodeIgniter\CodeIgniter->runController()
#5 /application/system/CodeIgniter.php(306): CodeIgniter\CodeIgniter->handleRequest()
#6 /application/public/index.php(45): CodeIgniter\CodeIgniter->run()
#7 {main}
CRITICAL - 2020-04-22 02:25:50 --> Call to undefined function CodeIgniter\Database\MySQLi\mysqli_init()
#0 /application/system/Database/BaseConnection.php(377): CodeIgniter\Database\MySQLi\Connection->connect()
#1 /application/system/Database/BaseConnection.php(643): CodeIgniter\Database\BaseConnection->initialize()
#2 /application/app/Controllers/User.php(25): CodeIgniter\Database\BaseConnection->query()
#3 /application/system/CodeIgniter.php(910): App\Controllers\User->get()
#4 /application/system/CodeIgniter.php(398): CodeIgniter\CodeIgniter->runController()
#5 /application/system/CodeIgniter.php(306): CodeIgniter\CodeIgniter->handleRequest()
#6 /application/public/index.php(45): CodeIgniter\CodeIgniter->run()
#7 {main}
CRITICAL - 2020-04-22 02:27:20 --> Call to undefined function CodeIgniter\Database\MySQLi\mysqli_init()
#0 /application/system/Database/BaseConnection.php(377): CodeIgniter\Database\MySQLi\Connection->connect()
#1 /application/system/Database/BaseConnection.php(643): CodeIgniter\Database\BaseConnection->initialize()
#2 /application/app/Controllers/User.php(24): CodeIgniter\Database\BaseConnection->query()
#3 /application/system/CodeIgniter.php(910): App\Controllers\User->get()
#4 /application/system/CodeIgniter.php(398): CodeIgniter\CodeIgniter->runController()
#5 /application/system/CodeIgniter.php(306): CodeIgniter\CodeIgniter->handleRequest()
#6 /application/public/index.php(45): CodeIgniter\CodeIgniter->run()
#7 {main}
CRITICAL - 2020-04-22 02:27:37 --> Call to undefined function CodeIgniter\Database\MySQLi\mysqli_init()
#0 /application/system/Database/BaseConnection.php(377): CodeIgniter\Database\MySQLi\Connection->connect()
#1 /application/system/Database/BaseConnection.php(643): CodeIgniter\Database\BaseConnection->initialize()
#2 /application/app/Controllers/User.php(24): CodeIgniter\Database\BaseConnection->query()
#3 /application/system/CodeIgniter.php(910): App\Controllers\User->get()
#4 /application/system/CodeIgniter.php(398): CodeIgniter\CodeIgniter->runController()
#5 /application/system/CodeIgniter.php(306): CodeIgniter\CodeIgniter->handleRequest()
#6 /application/public/index.php(45): CodeIgniter\CodeIgniter->run()
#7 {main}
CRITICAL - 2020-04-22 02:27:43 --> Call to undefined function CodeIgniter\Database\MySQLi\mysqli_init()
#0 /application/system/Database/BaseConnection.php(377): CodeIgniter\Database\MySQLi\Connection->connect()
#1 /application/system/Database/BaseConnection.php(643): CodeIgniter\Database\BaseConnection->initialize()
#2 /application/app/Controllers/User.php(24): CodeIgniter\Database\BaseConnection->query()
#3 /application/system/CodeIgniter.php(910): App\Controllers\User->get()
#4 /application/system/CodeIgniter.php(398): CodeIgniter\CodeIgniter->runController()
#5 /application/system/CodeIgniter.php(306): CodeIgniter\CodeIgniter->handleRequest()
#6 /application/public/index.php(45): CodeIgniter\CodeIgniter->run()
#7 {main}
CRITICAL - 2020-04-22 02:27:46 --> Call to undefined function CodeIgniter\Database\MySQLi\mysqli_init()
#0 /application/system/Database/BaseConnection.php(377): CodeIgniter\Database\MySQLi\Connection->connect()
#1 /application/system/Database/BaseConnection.php(643): CodeIgniter\Database\BaseConnection->initialize()
#2 /application/app/Controllers/User.php(24): CodeIgniter\Database\BaseConnection->query()
#3 /application/system/CodeIgniter.php(910): App\Controllers\User->get()
#4 /application/system/CodeIgniter.php(398): CodeIgniter\CodeIgniter->runController()
#5 /application/system/CodeIgniter.php(306): CodeIgniter\CodeIgniter->handleRequest()
#6 /application/public/index.php(45): CodeIgniter\CodeIgniter->run()
#7 {main}
CRITICAL - 2020-04-22 02:27:57 --> Call to undefined function CodeIgniter\Database\MySQLi\mysqli_init()
#0 /application/system/Database/BaseConnection.php(377): CodeIgniter\Database\MySQLi\Connection->connect()
#1 /application/system/Database/BaseConnection.php(643): CodeIgniter\Database\BaseConnection->initialize()
#2 /application/app/Controllers/User.php(24): CodeIgniter\Database\BaseConnection->query()
#3 /application/system/CodeIgniter.php(910): App\Controllers\User->get()
#4 /application/system/CodeIgniter.php(398): CodeIgniter\CodeIgniter->runController()
#5 /application/system/CodeIgniter.php(306): CodeIgniter\CodeIgniter->handleRequest()
#6 /application/public/index.php(45): CodeIgniter\CodeIgniter->run()
#7 {main}
CRITICAL - 2020-04-22 02:30:17 --> Call to undefined function CodeIgniter\Database\MySQLi\mysqli_init()
#0 /application/system/Database/BaseConnection.php(377): CodeIgniter\Database\MySQLi\Connection->connect()
#1 /application/app/Controllers/User.php(24): CodeIgniter\Database\BaseConnection->initialize()
#2 /application/system/CodeIgniter.php(910): App\Controllers\User->get()
#3 /application/system/CodeIgniter.php(398): CodeIgniter\CodeIgniter->runController()
#4 /application/system/CodeIgniter.php(306): CodeIgniter\CodeIgniter->handleRequest()
#5 /application/public/index.php(45): CodeIgniter\CodeIgniter->run()
#6 {main}
CRITICAL - 2020-04-22 02:30:29 --> Call to undefined function CodeIgniter\Database\MySQLi\mysqli_init()
#0 /application/system/Database/BaseConnection.php(377): CodeIgniter\Database\MySQLi\Connection->connect()
#1 /application/app/Controllers/User.php(24): CodeIgniter\Database\BaseConnection->initialize()
#2 /application/system/CodeIgniter.php(910): App\Controllers\User->get()
#3 /application/system/CodeIgniter.php(398): CodeIgniter\CodeIgniter->runController()
#4 /application/system/CodeIgniter.php(306): CodeIgniter\CodeIgniter->handleRequest()
#5 /application/public/index.php(45): CodeIgniter\CodeIgniter->run()
#6 {main}
CRITICAL - 2020-04-22 02:36:20 --> Call to undefined function CodeIgniter\Database\MySQLi\mysqli_init()
#0 /application/system/Database/BaseConnection.php(377): CodeIgniter\Database\MySQLi\Connection->connect()
#1 /application/system/Database/BaseConnection.php(643): CodeIgniter\Database\BaseConnection->initialize()
#2 /application/app/Controllers/User.php(24): CodeIgniter\Database\BaseConnection->query()
#3 /application/system/CodeIgniter.php(910): App\Controllers\User->get()
#4 /application/system/CodeIgniter.php(398): CodeIgniter\CodeIgniter->runController()
#5 /application/system/CodeIgniter.php(306): CodeIgniter\CodeIgniter->handleRequest()
#6 /application/public/index.php(45): CodeIgniter\CodeIgniter->run()
#7 {main}
CRITICAL - 2020-04-22 02:37:13 --> Call to undefined function CodeIgniter\Database\MySQLi\mysqli_init()
#0 /application/system/Database/BaseConnection.php(377): CodeIgniter\Database\MySQLi\Connection->connect()
#1 /application/system/Database/BaseConnection.php(643): CodeIgniter\Database\BaseConnection->initialize()
#2 /application/app/Controllers/User.php(25): CodeIgniter\Database\BaseConnection->query()
#3 /application/system/CodeIgniter.php(910): App\Controllers\User->get()
#4 /application/system/CodeIgniter.php(398): CodeIgniter\CodeIgniter->runController()
#5 /application/system/CodeIgniter.php(306): CodeIgniter\CodeIgniter->handleRequest()
#6 /application/public/index.php(45): CodeIgniter\CodeIgniter->run()
#7 {main}
CRITICAL - 2020-04-22 02:39:59 --> Call to undefined function CodeIgniter\Database\MySQLi\mysqli_init()
#0 /application/system/Database/BaseConnection.php(377): CodeIgniter\Database\MySQLi\Connection->connect()
#1 /application/system/Database/BaseConnection.php(643): CodeIgniter\Database\BaseConnection->initialize()
#2 /application/app/Controllers/User.php(25): CodeIgniter\Database\BaseConnection->query()
#3 /application/system/CodeIgniter.php(910): App\Controllers\User->get()
#4 /application/system/CodeIgniter.php(398): CodeIgniter\CodeIgniter->runController()
#5 /application/system/CodeIgniter.php(306): CodeIgniter\CodeIgniter->handleRequest()
#6 /application/public/index.php(45): CodeIgniter\CodeIgniter->run()
#7 {main}
CRITICAL - 2020-04-22 02:43:44 --> Call to undefined function CodeIgniter\Database\MySQLi\mysqli_init()
#0 /application/system/Database/BaseConnection.php(377): CodeIgniter\Database\MySQLi\Connection->connect()
#1 /application/system/Database/BaseConnection.php(643): CodeIgniter\Database\BaseConnection->initialize()
#2 /application/app/Controllers/User.php(25): CodeIgniter\Database\BaseConnection->query()
#3 /application/system/CodeIgniter.php(910): App\Controllers\User->get()
#4 /application/system/CodeIgniter.php(398): CodeIgniter\CodeIgniter->runController()
#5 /application/system/CodeIgniter.php(306): CodeIgniter\CodeIgniter->handleRequest()
#6 /application/public/index.php(45): CodeIgniter\CodeIgniter->run()
#7 {main}
CRITICAL - 2020-04-22 02:44:41 --> Call to undefined function CodeIgniter\Database\MySQLi\mysqli_init()
#0 /application/system/Database/BaseConnection.php(377): CodeIgniter\Database\MySQLi\Connection->connect()
#1 /application/system/Database/BaseConnection.php(643): CodeIgniter\Database\BaseConnection->initialize()
#2 /application/app/Controllers/User.php(25): CodeIgniter\Database\BaseConnection->query()
#3 /application/system/CodeIgniter.php(910): App\Controllers\User->get()
#4 /application/system/CodeIgniter.php(398): CodeIgniter\CodeIgniter->runController()
#5 /application/system/CodeIgniter.php(306): CodeIgniter\CodeIgniter->handleRequest()
#6 /application/public/index.php(45): CodeIgniter\CodeIgniter->run()
#7 {main}
CRITICAL - 2020-04-22 02:50:17 --> Call to undefined function CodeIgniter\Database\MySQLi\mysqli_init()
#0 /application/system/Database/BaseConnection.php(377): CodeIgniter\Database\MySQLi\Connection->connect()
#1 /application/system/Database/BaseConnection.php(643): CodeIgniter\Database\BaseConnection->initialize()
#2 /application/app/Controllers/User.php(25): CodeIgniter\Database\BaseConnection->query()
#3 /application/system/CodeIgniter.php(910): App\Controllers\User->get()
#4 /application/system/CodeIgniter.php(398): CodeIgniter\CodeIgniter->runController()
#5 /application/system/CodeIgniter.php(306): CodeIgniter\CodeIgniter->handleRequest()
#6 /application/public/index.php(45): CodeIgniter\CodeIgniter->run()
#7 {main}
CRITICAL - 2020-04-22 02:52:38 --> {0} is not a valid rule.
#0 /application/system/Validation/Validation.php(287): CodeIgniter\Validation\Exceptions\ValidationException::forRuleNotFound()
#1 /application/system/Validation/Validation.php(175): CodeIgniter\Validation\Validation->processRules()
#2 /application/system/Model.php(1434): CodeIgniter\Validation\Validation->run()
#3 /application/system/Model.php(694): CodeIgniter\Model->validate()
#4 /application/system/Model.php(550): CodeIgniter\Model->insert()
#5 /application/app/Controllers/User.php(61): CodeIgniter\Model->save()
#6 /application/system/CodeIgniter.php(910): App\Controllers\User->create()
#7 /application/system/CodeIgniter.php(398): CodeIgniter\CodeIgniter->runController()
#8 /application/system/CodeIgniter.php(306): CodeIgniter\CodeIgniter->handleRequest()
#9 /application/public/index.php(45): CodeIgniter\CodeIgniter->run()
#10 {main}
CRITICAL - 2020-04-22 02:56:03 --> Table 'user.user' doesn't exist
#0 /application/system/Database/mysqli/Connection.php(330): mysqli->query()
#1 /application/system/Database/BaseConnection.php(738): CodeIgniter\Database\MySQLi\Connection->execute()
#2 /application/system/Database/BaseConnection.php(666): CodeIgniter\Database\BaseConnection->simpleQuery()
#3 /application/system/Database/BaseBuilder.php(1819): CodeIgniter\Database\BaseConnection->query()
#4 /application/system/Model.php(445): CodeIgniter\Database\BaseBuilder->get()
#5 /application/app/Models/UserModel.php(51): CodeIgniter\Model->findAll()
#6 /application/app/Controllers/User.php(39): App\Models\UserModel->fetch()
#7 /application/system/CodeIgniter.php(910): App\Controllers\User->fetch()
#8 /application/system/CodeIgniter.php(398): CodeIgniter\CodeIgniter->runController()
#9 /application/system/CodeIgniter.php(306): CodeIgniter\CodeIgniter->handleRequest()
#10 /application/public/index.php(45): CodeIgniter\CodeIgniter->run()
#11 {main}
CRITICAL - 2020-04-22 02:56:13 --> Table 'user.user' doesn't exist
#0 /application/system/Database/mysqli/Connection.php(330): mysqli->query()
#1 /application/system/Database/BaseConnection.php(738): CodeIgniter\Database\MySQLi\Connection->execute()
#2 /application/system/Database/BaseConnection.php(666): CodeIgniter\Database\BaseConnection->simpleQuery()
#3 /application/system/Database/BaseBuilder.php(1819): CodeIgniter\Database\BaseConnection->query()
#4 /application/system/Model.php(445): CodeIgniter\Database\BaseBuilder->get()
#5 /application/app/Models/UserModel.php(51): CodeIgniter\Model->findAll()
#6 /application/app/Controllers/User.php(39): App\Models\UserModel->fetch()
#7 /application/system/CodeIgniter.php(910): App\Controllers\User->fetch()
#8 /application/system/CodeIgniter.php(398): CodeIgniter\CodeIgniter->runController()
#9 /application/system/CodeIgniter.php(306): CodeIgniter\CodeIgniter->handleRequest()
#10 /application/public/index.php(45): CodeIgniter\CodeIgniter->run()
#11 {main}
CRITICAL - 2020-04-22 02:56:19 --> Table 'user.user' doesn't exist
#0 /application/system/Database/mysqli/Connection.php(330): mysqli->query()
#1 /application/system/Database/BaseConnection.php(738): CodeIgniter\Database\MySQLi\Connection->execute()
#2 /application/system/Database/BaseConnection.php(666): CodeIgniter\Database\BaseConnection->simpleQuery()
#3 /application/system/Database/BaseBuilder.php(1819): CodeIgniter\Database\BaseConnection->query()
#4 /application/system/Model.php(445): CodeIgniter\Database\BaseBuilder->get()
#5 /application/app/Models/UserModel.php(51): CodeIgniter\Model->findAll()
#6 /application/app/Controllers/User.php(39): App\Models\UserModel->fetch()
#7 /application/system/CodeIgniter.php(910): App\Controllers\User->fetch()
#8 /application/system/CodeIgniter.php(398): CodeIgniter\CodeIgniter->runController()
#9 /application/system/CodeIgniter.php(306): CodeIgniter\CodeIgniter->handleRequest()
#10 /application/public/index.php(45): CodeIgniter\CodeIgniter->run()
#11 {main}
CRITICAL - 2020-04-22 02:58:59 --> Table 'user.user' doesn't exist
#0 /application/system/Database/mysqli/Connection.php(330): mysqli->query()
#1 /application/system/Database/BaseConnection.php(738): CodeIgniter\Database\MySQLi\Connection->execute()
#2 /application/system/Database/BaseConnection.php(666): CodeIgniter\Database\BaseConnection->simpleQuery()
#3 /application/system/Database/BaseBuilder.php(1819): CodeIgniter\Database\BaseConnection->query()
#4 /application/system/Model.php(445): CodeIgniter\Database\BaseBuilder->get()
#5 /application/app/Models/UserModel.php(52): CodeIgniter\Model->findAll()
#6 /application/app/Controllers/User.php(39): App\Models\UserModel->fetch()
#7 /application/system/CodeIgniter.php(910): App\Controllers\User->fetch()
#8 /application/system/CodeIgniter.php(398): CodeIgniter\CodeIgniter->runController()
#9 /application/system/CodeIgniter.php(306): CodeIgniter\CodeIgniter->handleRequest()
#10 /application/public/index.php(45): CodeIgniter\CodeIgniter->run()
#11 {main}
CRITICAL - 2020-04-22 03:02:54 --> Undefined variable: tihs
#0 /application/app/Models/UserModel.php(52): CodeIgniter\Debug\Exceptions->errorHandler()
#1 /application/app/Controllers/User.php(39): App\Models\UserModel->fetch()
#2 /application/system/CodeIgniter.php(910): App\Controllers\User->fetch()
#3 /application/system/CodeIgniter.php(398): CodeIgniter\CodeIgniter->runController()
#4 /application/system/CodeIgniter.php(306): CodeIgniter\CodeIgniter->handleRequest()
#5 /application/public/index.php(45): CodeIgniter\CodeIgniter->run()
#6 {main}
CRITICAL - 2020-04-22 03:04:11 --> Table 'user.user' doesn't exist
#0 /application/system/Database/mysqli/Connection.php(330): mysqli->query()
#1 /application/system/Database/BaseConnection.php(738): CodeIgniter\Database\MySQLi\Connection->execute()
#2 /application/system/Database/BaseConnection.php(666): CodeIgniter\Database\BaseConnection->simpleQuery()
#3 /application/system/Database/BaseBuilder.php(1819): CodeIgniter\Database\BaseConnection->query()
#4 /application/system/Model.php(445): CodeIgniter\Database\BaseBuilder->get()
#5 /application/app/Models/UserModel.php(54): CodeIgniter\Model->findAll()
#6 /application/app/Controllers/User.php(39): App\Models\UserModel->fetch()
#7 /application/system/CodeIgniter.php(910): App\Controllers\User->fetch()
#8 /application/system/CodeIgniter.php(398): CodeIgniter\CodeIgniter->runController()
#9 /application/system/CodeIgniter.php(306): CodeIgniter\CodeIgniter->handleRequest()
#10 /application/public/index.php(45): CodeIgniter\CodeIgniter->run()
#11 {main}
CRITICAL - 2020-04-22 03:04:16 --> Table 'user.user' doesn't exist
#0 /application/system/Database/mysqli/Connection.php(330): mysqli->query()
#1 /application/system/Database/BaseConnection.php(738): CodeIgniter\Database\MySQLi\Connection->execute()
#2 /application/system/Database/BaseConnection.php(666): CodeIgniter\Database\BaseConnection->simpleQuery()
#3 /application/system/Database/BaseBuilder.php(1819): CodeIgniter\Database\BaseConnection->query()
#4 /application/system/Model.php(445): CodeIgniter\Database\BaseBuilder->get()
#5 /application/app/Models/UserModel.php(54): CodeIgniter\Model->findAll()
#6 /application/app/Controllers/User.php(39): App\Models\UserModel->fetch()
#7 /application/system/CodeIgniter.php(910): App\Controllers\User->fetch()
#8 /application/system/CodeIgniter.php(398): CodeIgniter\CodeIgniter->runController()
#9 /application/system/CodeIgniter.php(306): CodeIgniter\CodeIgniter->handleRequest()
#10 /application/public/index.php(45): CodeIgniter\CodeIgniter->run()
#11 {main}
CRITICAL - 2020-04-22 03:09:16 --> no one
#0 /application/system/CodeIgniter.php(910): App\Controllers\User->fetch()
#1 /application/system/CodeIgniter.php(398): CodeIgniter\CodeIgniter->runController()
#2 /application/system/CodeIgniter.php(306): CodeIgniter\CodeIgniter->handleRequest()
#3 /application/public/index.php(45): CodeIgniter\CodeIgniter->run()
#4 {main}
CRITICAL - 2020-04-22 03:10:31 --> {0} is not a valid rule.
#0 /application/system/Validation/Validation.php(287): CodeIgniter\Validation\Exceptions\ValidationException::forRuleNotFound()
#1 /application/system/Validation/Validation.php(175): CodeIgniter\Validation\Validation->processRules()
#2 /application/system/Model.php(1434): CodeIgniter\Validation\Validation->run()
#3 /application/system/Model.php(694): CodeIgniter\Model->validate()
#4 /application/system/Model.php(550): CodeIgniter\Model->insert()
#5 /application/app/Controllers/User.php(65): CodeIgniter\Model->save()
#6 /application/system/CodeIgniter.php(910): App\Controllers\User->create()
#7 /application/system/CodeIgniter.php(398): CodeIgniter\CodeIgniter->runController()
#8 /application/system/CodeIgniter.php(306): CodeIgniter\CodeIgniter->handleRequest()
#9 /application/public/index.php(45): CodeIgniter\CodeIgniter->run()
#10 {main}
CRITICAL - 2020-04-22 03:10:53 --> Undefined index: name
#0 /application/app/Controllers/User.php(58): CodeIgniter\Debug\Exceptions->errorHandler()
#1 /application/system/CodeIgniter.php(910): App\Controllers\User->create()
#2 /application/system/CodeIgniter.php(398): CodeIgniter\CodeIgniter->runController()
#3 /application/system/CodeIgniter.php(306): CodeIgniter\CodeIgniter->handleRequest()
#4 /application/public/index.php(45): CodeIgniter\CodeIgniter->run()
#5 {main}
CRITICAL - 2020-04-22 03:11:21 --> Undefined index: nickname
#0 /application/app/Controllers/User.php(59): CodeIgniter\Debug\Exceptions->errorHandler()
#1 /application/system/CodeIgniter.php(910): App\Controllers\User->create()
#2 /application/system/CodeIgniter.php(398): CodeIgniter\CodeIgniter->runController()
#3 /application/system/CodeIgniter.php(306): CodeIgniter\CodeIgniter->handleRequest()
#4 /application/public/index.php(45): CodeIgniter\CodeIgniter->run()
#5 {main}
CRITICAL - 2020-04-22 03:11:34 --> Undefined index: gender
#0 /application/app/Controllers/User.php(63): CodeIgniter\Debug\Exceptions->errorHandler()
#1 /application/system/CodeIgniter.php(910): App\Controllers\User->create()
#2 /application/system/CodeIgniter.php(398): CodeIgniter\CodeIgniter->runController()
#3 /application/system/CodeIgniter.php(306): CodeIgniter\CodeIgniter->handleRequest()
#4 /application/public/index.php(45): CodeIgniter\CodeIgniter->run()
#5 {main}
CRITICAL - 2020-04-22 03:11:42 --> {0} is not a valid rule.
#0 /application/system/Validation/Validation.php(287): CodeIgniter\Validation\Exceptions\ValidationException::forRuleNotFound()
#1 /application/system/Validation/Validation.php(175): CodeIgniter\Validation\Validation->processRules()
#2 /application/system/Model.php(1434): CodeIgniter\Validation\Validation->run()
#3 /application/system/Model.php(694): CodeIgniter\Model->validate()
#4 /application/system/Model.php(550): CodeIgniter\Model->insert()
#5 /application/app/Controllers/User.php(65): CodeIgniter\Model->save()
#6 /application/system/CodeIgniter.php(910): App\Controllers\User->create()
#7 /application/system/CodeIgniter.php(398): CodeIgniter\CodeIgniter->runController()
#8 /application/system/CodeIgniter.php(306): CodeIgniter\CodeIgniter->handleRequest()
#9 /application/public/index.php(45): CodeIgniter\CodeIgniter->run()
#10 {main}
CRITICAL - 2020-04-22 03:13:52 --> Cannot redeclare App\Models\UserModel::$validationRules
#0 [internal function]: CodeIgniter\Debug\Exceptions->shutdownHandler()
#1 {main}
CRITICAL - 2020-04-22 03:14:21 --> {0} is not a valid rule.
#0 /application/system/Validation/Validation.php(287): CodeIgniter\Validation\Exceptions\ValidationException::forRuleNotFound()
#1 /application/system/Validation/Validation.php(175): CodeIgniter\Validation\Validation->processRules()
#2 /application/system/Model.php(1434): CodeIgniter\Validation\Validation->run()
#3 /application/system/Model.php(694): CodeIgniter\Model->validate()
#4 /application/system/Model.php(550): CodeIgniter\Model->insert()
#5 /application/app/Controllers/User.php(65): CodeIgniter\Model->save()
#6 /application/system/CodeIgniter.php(910): App\Controllers\User->create()
#7 /application/system/CodeIgniter.php(398): CodeIgniter\CodeIgniter->runController()
#8 /application/system/CodeIgniter.php(306): CodeIgniter\CodeIgniter->handleRequest()
#9 /application/public/index.php(45): CodeIgniter\CodeIgniter->run()
#10 {main}
CRITICAL - 2020-04-22 03:15:59 --> Table 'user.user' doesn't exist
#0 /application/system/Database/mysqli/Connection.php(330): mysqli->query()
#1 /application/system/Database/BaseConnection.php(738): CodeIgniter\Database\MySQLi\Connection->execute()
#2 /application/system/Database/BaseConnection.php(666): CodeIgniter\Database\BaseConnection->simpleQuery()
#3 /application/system/Database/BaseBuilder.php(2206): CodeIgniter\Database\BaseConnection->query()
#4 /application/system/Model.php(722): CodeIgniter\Database\BaseBuilder->insert()
#5 /application/system/Model.php(550): CodeIgniter\Model->insert()
#6 /application/app/Controllers/User.php(65): CodeIgniter\Model->save()
#7 /application/system/CodeIgniter.php(910): App\Controllers\User->create()
#8 /application/system/CodeIgniter.php(398): CodeIgniter\CodeIgniter->runController()
#9 /application/system/CodeIgniter.php(306): CodeIgniter\CodeIgniter->handleRequest()
#10 /application/public/index.php(45): CodeIgniter\CodeIgniter->run()
#11 {main}
CRITICAL - 2020-04-22 03:16:43 --> Unknown column 'created_at' in 'field list'
#0 /application/system/Database/mysqli/Connection.php(330): mysqli->query()
#1 /application/system/Database/BaseConnection.php(738): CodeIgniter\Database\MySQLi\Connection->execute()
#2 /application/system/Database/BaseConnection.php(666): CodeIgniter\Database\BaseConnection->simpleQuery()
#3 /application/system/Database/BaseBuilder.php(2206): CodeIgniter\Database\BaseConnection->query()
#4 /application/system/Model.php(722): CodeIgniter\Database\BaseBuilder->insert()
#5 /application/system/Model.php(550): CodeIgniter\Model->insert()
#6 /application/app/Controllers/User.php(65): CodeIgniter\Model->save()
#7 /application/system/CodeIgniter.php(910): App\Controllers\User->create()
#8 /application/system/CodeIgniter.php(398): CodeIgniter\CodeIgniter->runController()
#9 /application/system/CodeIgniter.php(306): CodeIgniter\CodeIgniter->handleRequest()
#10 /application/public/index.php(45): CodeIgniter\CodeIgniter->run()
#11 {main}
CRITICAL - 2020-04-22 03:16:55 --> Unknown column 'password_hash' in 'field list'
#0 /application/system/Database/mysqli/Connection.php(330): mysqli->query()
#1 /application/system/Database/BaseConnection.php(738): CodeIgniter\Database\MySQLi\Connection->execute()
#2 /application/system/Database/BaseConnection.php(666): CodeIgniter\Database\BaseConnection->simpleQuery()
#3 /application/system/Database/BaseBuilder.php(2206): CodeIgniter\Database\BaseConnection->query()
#4 /application/system/Model.php(722): CodeIgniter\Database\BaseBuilder->insert()
#5 /application/system/Model.php(550): CodeIgniter\Model->insert()
#6 /application/app/Controllers/User.php(65): CodeIgniter\Model->save()
#7 /application/system/CodeIgniter.php(910): App\Controllers\User->create()
#8 /application/system/CodeIgniter.php(398): CodeIgniter\CodeIgniter->runController()
#9 /application/system/CodeIgniter.php(306): CodeIgniter\CodeIgniter->handleRequest()
#10 /application/public/index.php(45): CodeIgniter\CodeIgniter->run()
#11 {main}
CRITICAL - 2020-04-22 03:17:04 --> Unknown column 'password' in 'field list'
#0 /application/system/Database/mysqli/Connection.php(330): mysqli->query()
#1 /application/system/Database/BaseConnection.php(738): CodeIgniter\Database\MySQLi\Connection->execute()
#2 /application/system/Database/BaseConnection.php(666): CodeIgniter\Database\BaseConnection->simpleQuery()
#3 /application/system/Database/BaseBuilder.php(2206): CodeIgniter\Database\BaseConnection->query()
#4 /application/system/Model.php(722): CodeIgniter\Database\BaseBuilder->insert()
#5 /application/system/Model.php(550): CodeIgniter\Model->insert()
#6 /application/app/Controllers/User.php(65): CodeIgniter\Model->save()
#7 /application/system/CodeIgniter.php(910): App\Controllers\User->create()
#8 /application/system/CodeIgniter.php(398): CodeIgniter\CodeIgniter->runController()
#9 /application/system/CodeIgniter.php(306): CodeIgniter\CodeIgniter->handleRequest()
#10 /application/public/index.php(45): CodeIgniter\CodeIgniter->run()
#11 {main}
CRITICAL - 2020-04-22 03:47:30 --> Too few arguments to function App\Models\UserModel::fetch(), 0 passed in /application/app/Controllers/User.php on line 42 and exactly 1 expected
#0 /application/app/Controllers/User.php(42): App\Models\UserModel->fetch()
#1 /application/system/CodeIgniter.php(910): App\Controllers\User->fetch()
#2 /application/system/CodeIgniter.php(398): CodeIgniter\CodeIgniter->runController()
#3 /application/system/CodeIgniter.php(306): CodeIgniter\CodeIgniter->handleRequest()
#4 /application/public/index.php(45): CodeIgniter\CodeIgniter->run()
#5 {main}
CRITICAL - 2020-04-22 03:49:37 --> Call to a member function where() on array
#0 /application/app/Controllers/User.php(42): App\Models\UserModel->fetch()
#1 /application/system/CodeIgniter.php(910): App\Controllers\User->fetch()
#2 /application/system/CodeIgniter.php(398): CodeIgniter\CodeIgniter->runController()
#3 /application/system/CodeIgniter.php(306): CodeIgniter\CodeIgniter->handleRequest()
#4 /application/public/index.php(45): CodeIgniter\CodeIgniter->run()
#5 {main}
CRITICAL - 2020-04-22 03:50:27 --> Call to a member function asArray() on array
#0 /application/app/Controllers/User.php(42): App\Models\UserModel->fetch()
#1 /application/system/CodeIgniter.php(910): App\Controllers\User->fetch()
#2 /application/system/CodeIgniter.php(398): CodeIgniter\CodeIgniter->runController()
#3 /application/system/CodeIgniter.php(306): CodeIgniter\CodeIgniter->handleRequest()
#4 /application/public/index.php(45): CodeIgniter\CodeIgniter->run()
#5 {main}
CRITICAL - 2020-04-22 10:44:30 --> {0} is not a valid rule.
#0 /application/system/Validation/Validation.php(287): CodeIgniter\Validation\Exceptions\ValidationException::forRuleNotFound()
#1 /application/system/Validation/Validation.php(175): CodeIgniter\Validation\Validation->processRules()
#2 /application/system/Model.php(1434): CodeIgniter\Validation\Validation->run()
#3 /application/system/Model.php(694): CodeIgniter\Model->validate()
#4 /application/system/Model.php(550): CodeIgniter\Model->insert()
#5 /application/app/Controllers/User.php(70): CodeIgniter\Model->save()
#6 /application/system/CodeIgniter.php(910): App\Controllers\User->create()
#7 /application/system/CodeIgniter.php(398): CodeIgniter\CodeIgniter->runController()
#8 /application/system/CodeIgniter.php(306): CodeIgniter\CodeIgniter->handleRequest()
#9 /application/public/index.php(45): CodeIgniter\CodeIgniter->run()
#10 {main}
CRITICAL - 2020-04-22 10:47:18 --> {0} is not a valid rule.
#0 /application/system/Validation/Validation.php(287): CodeIgniter\Validation\Exceptions\ValidationException::forRuleNotFound()
#1 /application/system/Validation/Validation.php(175): CodeIgniter\Validation\Validation->processRules()
#2 /application/system/Model.php(1434): CodeIgniter\Validation\Validation->run()
#3 /application/system/Model.php(694): CodeIgniter\Model->validate()
#4 /application/system/Model.php(550): CodeIgniter\Model->insert()
#5 /application/app/Controllers/User.php(70): CodeIgniter\Model->save()
#6 /application/system/CodeIgniter.php(910): App\Controllers\User->create()
#7 /application/system/CodeIgniter.php(398): CodeIgniter\CodeIgniter->runController()
#8 /application/system/CodeIgniter.php(306): CodeIgniter\CodeIgniter->handleRequest()
#9 /application/public/index.php(45): CodeIgniter\CodeIgniter->run()
#10 {main}
CRITICAL - 2020-04-22 10:56:16 --> {0} is not a valid rule.
#0 /application/system/Validation/Validation.php(287): CodeIgniter\Validation\Exceptions\ValidationException::forRuleNotFound()
#1 /application/system/Validation/Validation.php(175): CodeIgniter\Validation\Validation->processRules()
#2 /application/system/Model.php(1434): CodeIgniter\Validation\Validation->run()
#3 /application/system/Model.php(694): CodeIgniter\Model->validate()
#4 /application/system/Model.php(550): CodeIgniter\Model->insert()
#5 /application/app/Controllers/User.php(70): CodeIgniter\Model->save()
#6 /application/system/CodeIgniter.php(910): App\Controllers\User->create()
#7 /application/system/CodeIgniter.php(398): CodeIgniter\CodeIgniter->runController()
#8 /application/system/CodeIgniter.php(306): CodeIgniter\CodeIgniter->handleRequest()
#9 /application/public/index.php(45): CodeIgniter\CodeIgniter->run()
#10 {main}
CRITICAL - 2020-04-22 11:00:18 --> {0} is not a valid rule.
#0 /application/system/Validation/Validation.php(287): CodeIgniter\Validation\Exceptions\ValidationException::forRuleNotFound()
#1 /application/system/Validation/Validation.php(175): CodeIgniter\Validation\Validation->processRules()
#2 /application/system/Model.php(1434): CodeIgniter\Validation\Validation->run()
#3 /application/system/Model.php(694): CodeIgniter\Model->validate()
#4 /application/system/Model.php(550): CodeIgniter\Model->insert()
#5 /application/app/Controllers/User.php(70): CodeIgniter\Model->save()
#6 /application/system/CodeIgniter.php(910): App\Controllers\User->create()
#7 /application/system/CodeIgniter.php(398): CodeIgniter\CodeIgniter->runController()
#8 /application/system/CodeIgniter.php(306): CodeIgniter\CodeIgniter->handleRequest()
#9 /application/public/index.php(45): CodeIgniter\CodeIgniter->run()
#10 {main}
CRITICAL - 2020-04-22 11:06:14 --> Undefined variable: validation
#0 /application/app/Controllers/User.php(70): CodeIgniter\Debug\Exceptions->errorHandler()
#1 /application/system/CodeIgniter.php(910): App\Controllers\User->create()
#2 /application/system/CodeIgniter.php(398): CodeIgniter\CodeIgniter->runController()
#3 /application/system/CodeIgniter.php(306): CodeIgniter\CodeIgniter->handleRequest()
#4 /application/public/index.php(45): CodeIgniter\CodeIgniter->run()
#5 {main}
CRITICAL - 2020-04-22 11:14:25 --> Undefined variable: validate
#0 /application/app/Controllers/User.php(62): CodeIgniter\Debug\Exceptions->errorHandler()
#1 /application/system/CodeIgniter.php(910): App\Controllers\User->create()
#2 /application/system/CodeIgniter.php(398): CodeIgniter\CodeIgniter->runController()
#3 /application/system/CodeIgniter.php(306): CodeIgniter\CodeIgniter->handleRequest()
#4 /application/public/index.php(45): CodeIgniter\CodeIgniter->run()
#5 {main}
CRITICAL - 2020-04-22 11:14:48 --> {0} is not a valid rule.
#0 /application/system/Validation/Validation.php(287): CodeIgniter\Validation\Exceptions\ValidationException::forRuleNotFound()
#1 /application/system/Validation/Validation.php(175): CodeIgniter\Validation\Validation->processRules()
#2 /application/system/Controller.php(220): CodeIgniter\Validation\Validation->run()
#3 /application/app/Controllers/User.php(63): CodeIgniter\Controller->validate()
#4 /application/system/CodeIgniter.php(910): App\Controllers\User->create()
#5 /application/system/CodeIgniter.php(398): CodeIgniter\CodeIgniter->runController()
#6 /application/system/CodeIgniter.php(306): CodeIgniter\CodeIgniter->handleRequest()
#7 /application/public/index.php(45): CodeIgniter\CodeIgniter->run()
#8 {main}
CRITICAL - 2020-04-22 11:20:47 --> {0} is not a valid rule.
#0 /application/system/Validation/Validation.php(287): CodeIgniter\Validation\Exceptions\ValidationException::forRuleNotFound()
#1 /application/system/Validation/Validation.php(175): CodeIgniter\Validation\Validation->processRules()
#2 /application/system/Model.php(1434): CodeIgniter\Validation\Validation->run()
#3 /application/system/Model.php(694): CodeIgniter\Model->validate()
#4 /application/system/Model.php(550): CodeIgniter\Model->insert()
#5 /application/app/Controllers/User.php(70): CodeIgniter\Model->save()
#6 /application/system/CodeIgniter.php(910): App\Controllers\User->create()
#7 /application/system/CodeIgniter.php(398): CodeIgniter\CodeIgniter->runController()
#8 /application/system/CodeIgniter.php(306): CodeIgniter\CodeIgniter->handleRequest()
#9 /application/public/index.php(45): CodeIgniter\CodeIgniter->run()
#10 {main}
CRITICAL - 2020-04-22 11:32:21 --> Call to undefined function App\Controllers\show_error()
#0 /application/system/CodeIgniter.php(910): App\Controllers\User->login()
#1 /application/system/CodeIgniter.php(398): CodeIgniter\CodeIgniter->runController()
#2 /application/system/CodeIgniter.php(306): CodeIgniter\CodeIgniter->handleRequest()
#3 /application/public/index.php(45): CodeIgniter\CodeIgniter->run()
#4 {main}
CRITICAL - 2020-04-22 11:32:36 --> Call to undefined function App\Controllers\show_error()
#0 /application/system/CodeIgniter.php(910): App\Controllers\User->login()
#1 /application/system/CodeIgniter.php(398): CodeIgniter\CodeIgniter->runController()
#2 /application/system/CodeIgniter.php(306): CodeIgniter\CodeIgniter->handleRequest()
#3 /application/public/index.php(45): CodeIgniter\CodeIgniter->run()
#4 {main}
CRITICAL - 2020-04-22 11:32:51 --> Call to undefined function App\Controllers\show_error()
#0 /application/system/CodeIgniter.php(910): App\Controllers\User->login()
#1 /application/system/CodeIgniter.php(398): CodeIgniter\CodeIgniter->runController()
#2 /application/system/CodeIgniter.php(306): CodeIgniter\CodeIgniter->handleRequest()
#3 /application/public/index.php(45): CodeIgniter\CodeIgniter->run()
#4 {main}
CRITICAL - 2020-04-22 11:34:42 --> Call to undefined function App\Controllers\show_error()
#0 /application/system/CodeIgniter.php(910): App\Controllers\User->login()
#1 /application/system/CodeIgniter.php(398): CodeIgniter\CodeIgniter->runController()
#2 /application/system/CodeIgniter.php(306): CodeIgniter\CodeIgniter->handleRequest()
#3 /application/public/index.php(45): CodeIgniter\CodeIgniter->run()
#4 {main}
CRITICAL - 2020-04-22 11:50:10 --> {0} is not a valid rule.
#0 /application/system/Validation/Validation.php(287): CodeIgniter\Validation\Exceptions\ValidationException::forRuleNotFound()
#1 /application/system/Validation/Validation.php(175): CodeIgniter\Validation\Validation->processRules()
#2 /application/system/Model.php(1434): CodeIgniter\Validation\Validation->run()
#3 /application/system/Model.php(694): CodeIgniter\Model->validate()
#4 /application/system/Model.php(550): CodeIgniter\Model->insert()
#5 /application/app/Controllers/User.php(68): CodeIgniter\Model->save()
#6 /application/system/CodeIgniter.php(910): App\Controllers\User->create()
#7 /application/system/CodeIgniter.php(398): CodeIgniter\CodeIgniter->runController()
#8 /application/system/CodeIgniter.php(306): CodeIgniter\CodeIgniter->handleRequest()
#9 /application/public/index.php(45): CodeIgniter\CodeIgniter->run()
#10 {main}
CRITICAL - 2020-04-22 11:50:41 --> {0} is not a valid rule.
#0 /application/system/Validation/Validation.php(287): CodeIgniter\Validation\Exceptions\ValidationException::forRuleNotFound()
#1 /application/system/Validation/Validation.php(175): CodeIgniter\Validation\Validation->processRules()
#2 /application/system/Model.php(1434): CodeIgniter\Validation\Validation->run()
#3 /application/system/Model.php(694): CodeIgniter\Model->validate()
#4 /application/system/Model.php(550): CodeIgniter\Model->insert()
#5 /application/app/Controllers/User.php(68): CodeIgniter\Model->save()
#6 /application/system/CodeIgniter.php(910): App\Controllers\User->create()
#7 /application/system/CodeIgniter.php(398): CodeIgniter\CodeIgniter->runController()
#8 /application/system/CodeIgniter.php(306): CodeIgniter\CodeIgniter->handleRequest()
#9 /application/public/index.php(45): CodeIgniter\CodeIgniter->run()
#10 {main}
CRITICAL - 2020-04-22 11:50:49 --> Unknown column 'updated_at' in 'field list'
#0 /application/system/Database/mysqli/Connection.php(330): mysqli->query()
#1 /application/system/Database/BaseConnection.php(738): CodeIgniter\Database\MySQLi\Connection->execute()
#2 /application/system/Database/BaseConnection.php(666): CodeIgniter\Database\BaseConnection->simpleQuery()
#3 /application/system/Database/BaseBuilder.php(2206): CodeIgniter\Database\BaseConnection->query()
#4 /application/system/Model.php(722): CodeIgniter\Database\BaseBuilder->insert()
#5 /application/system/Model.php(550): CodeIgniter\Model->insert()
#6 /application/app/Controllers/User.php(68): CodeIgniter\Model->save()
#7 /application/system/CodeIgniter.php(910): App\Controllers\User->create()
#8 /application/system/CodeIgniter.php(398): CodeIgniter\CodeIgniter->runController()
#9 /application/system/CodeIgniter.php(306): CodeIgniter\CodeIgniter->handleRequest()
#10 /application/public/index.php(45): CodeIgniter\CodeIgniter->run()
#11 {main}
CRITICAL - 2020-04-22 12:04:03 --> syntax error, unexpected '}'
#0 /application/system/Autoloader/Autoloader.php(296): CodeIgniter\Autoloader\Autoloader->requireFile()
#1 /application/system/Autoloader/Autoloader.php(258): CodeIgniter\Autoloader\Autoloader->loadInNamespace()
#2 [internal function]: CodeIgniter\Autoloader\Autoloader->loadClass()
#3 [internal function]: spl_autoload_call()
#4 /application/system/CodeIgniter.php(861): class_exists()
#5 /application/system/CodeIgniter.php(388): CodeIgniter\CodeIgniter->startController()
#6 /application/system/CodeIgniter.php(306): CodeIgniter\CodeIgniter->handleRequest()
#7 /application/public/index.php(45): CodeIgniter\CodeIgniter->run()
#8 {main}
CRITICAL - 2020-04-22 12:05:46 --> syntax error, unexpected '}'
#0 /application/system/Autoloader/Autoloader.php(296): CodeIgniter\Autoloader\Autoloader->requireFile()
#1 /application/system/Autoloader/Autoloader.php(258): CodeIgniter\Autoloader\Autoloader->loadInNamespace()
#2 [internal function]: CodeIgniter\Autoloader\Autoloader->loadClass()
#3 [internal function]: spl_autoload_call()
#4 /application/system/CodeIgniter.php(861): class_exists()
#5 /application/system/CodeIgniter.php(388): CodeIgniter\CodeIgniter->startController()
#6 /application/system/CodeIgniter.php(306): CodeIgniter\CodeIgniter->handleRequest()
#7 /application/public/index.php(45): CodeIgniter\CodeIgniter->run()
#8 {main}
CRITICAL - 2020-04-22 12:06:52 --> syntax error, unexpected 'public' (T_PUBLIC)
#0 /application/system/Autoloader/Autoloader.php(296): CodeIgniter\Autoloader\Autoloader->requireFile()
#1 /application/system/Autoloader/Autoloader.php(258): CodeIgniter\Autoloader\Autoloader->loadInNamespace()
#2 [internal function]: CodeIgniter\Autoloader\Autoloader->loadClass()
#3 [internal function]: spl_autoload_call()
#4 /application/system/CodeIgniter.php(861): class_exists()
#5 /application/system/CodeIgniter.php(388): CodeIgniter\CodeIgniter->startController()
#6 /application/system/CodeIgniter.php(306): CodeIgniter\CodeIgniter->handleRequest()
#7 /application/public/index.php(45): CodeIgniter\CodeIgniter->run()
#8 {main}
CRITICAL - 2020-04-22 12:06:59 --> syntax error, unexpected 'public' (T_PUBLIC)
#0 /application/system/Autoloader/Autoloader.php(296): CodeIgniter\Autoloader\Autoloader->requireFile()
#1 /application/system/Autoloader/Autoloader.php(258): CodeIgniter\Autoloader\Autoloader->loadInNamespace()
#2 [internal function]: CodeIgniter\Autoloader\Autoloader->loadClass()
#3 [internal function]: spl_autoload_call()
#4 /application/system/CodeIgniter.php(861): class_exists()
#5 /application/system/CodeIgniter.php(388): CodeIgniter\CodeIgniter->startController()
#6 /application/system/CodeIgniter.php(306): CodeIgniter\CodeIgniter->handleRequest()
#7 /application/public/index.php(45): CodeIgniter\CodeIgniter->run()
#8 {main}
CRITICAL - 2020-04-22 12:08:51 --> syntax error, unexpected '}'
#0 /application/system/Autoloader/Autoloader.php(296): CodeIgniter\Autoloader\Autoloader->requireFile()
#1 /application/system/Autoloader/Autoloader.php(258): CodeIgniter\Autoloader\Autoloader->loadInNamespace()
#2 [internal function]: CodeIgniter\Autoloader\Autoloader->loadClass()
#3 [internal function]: spl_autoload_call()
#4 /application/system/CodeIgniter.php(861): class_exists()
#5 /application/system/CodeIgniter.php(388): CodeIgniter\CodeIgniter->startController()
#6 /application/system/CodeIgniter.php(306): CodeIgniter\CodeIgniter->handleRequest()
#7 /application/public/index.php(45): CodeIgniter\CodeIgniter->run()
#8 {main}
CRITICAL - 2020-04-22 12:09:47 --> syntax error, unexpected '}'
#0 /application/system/Autoloader/Autoloader.php(296): CodeIgniter\Autoloader\Autoloader->requireFile()
#1 /application/system/Autoloader/Autoloader.php(258): CodeIgniter\Autoloader\Autoloader->loadInNamespace()
#2 [internal function]: CodeIgniter\Autoloader\Autoloader->loadClass()
#3 [internal function]: spl_autoload_call()
#4 /application/system/CodeIgniter.php(861): class_exists()
#5 /application/system/CodeIgniter.php(388): CodeIgniter\CodeIgniter->startController()
#6 /application/system/CodeIgniter.php(306): CodeIgniter\CodeIgniter->handleRequest()
#7 /application/public/index.php(45): CodeIgniter\CodeIgniter->run()
#8 {main}
CRITICAL - 2020-04-22 12:09:59 --> syntax error, unexpected '}'
#0 /application/system/Autoloader/Autoloader.php(296): CodeIgniter\Autoloader\Autoloader->requireFile()
#1 /application/system/Autoloader/Autoloader.php(258): CodeIgniter\Autoloader\Autoloader->loadInNamespace()
#2 [internal function]: CodeIgniter\Autoloader\Autoloader->loadClass()
#3 [internal function]: spl_autoload_call()
#4 /application/system/CodeIgniter.php(861): class_exists()
#5 /application/system/CodeIgniter.php(388): CodeIgniter\CodeIgniter->startController()
#6 /application/system/CodeIgniter.php(306): CodeIgniter\CodeIgniter->handleRequest()
#7 /application/public/index.php(45): CodeIgniter\CodeIgniter->run()
#8 {main}
CRITICAL - 2020-04-22 13:07:39 --> Class 'Firebase\JWT\JWT' not found
#0 /application/system/CodeIgniter.php(910): App\Controllers\Auth->logout()
#1 /application/system/CodeIgniter.php(398): CodeIgniter\CodeIgniter->runController()
#2 /application/system/CodeIgniter.php(306): CodeIgniter\CodeIgniter->handleRequest()
#3 /application/public/index.php(45): CodeIgniter\CodeIgniter->run()
#4 {main}
CRITICAL - 2020-04-22 13:07:47 --> Class 'Firebase\JWT\JWT' not found
#0 /application/system/CodeIgniter.php(910): App\Controllers\Auth->logout()
#1 /application/system/CodeIgniter.php(398): CodeIgniter\CodeIgniter->runController()
#2 /application/system/CodeIgniter.php(306): CodeIgniter\CodeIgniter->handleRequest()
#3 /application/public/index.php(45): CodeIgniter\CodeIgniter->run()
#4 {main}
CRITICAL - 2020-04-22 13:08:22 --> Class 'Firebase\JWT' not found
#0 /application/system/CodeIgniter.php(910): App\Controllers\Auth->logout()
#1 /application/system/CodeIgniter.php(398): CodeIgniter\CodeIgniter->runController()
#2 /application/system/CodeIgniter.php(306): CodeIgniter\CodeIgniter->handleRequest()
#3 /application/public/index.php(45): CodeIgniter\CodeIgniter->run()
#4 {main}
CRITICAL - 2020-04-22 13:09:32 --> Class 'Firebase\JWT\JWT' not found
#0 /application/system/CodeIgniter.php(910): App\Controllers\Auth->logout()
#1 /application/system/CodeIgniter.php(398): CodeIgniter\CodeIgniter->runController()
#2 /application/system/CodeIgniter.php(306): CodeIgniter\CodeIgniter->handleRequest()
#3 /application/public/index.php(45): CodeIgniter\CodeIgniter->run()
#4 {main}
CRITICAL - 2020-04-22 13:09:34 --> Class 'Firebase\JWT\JWT' not found
#0 /application/system/CodeIgniter.php(910): App\Controllers\Auth->logout()
#1 /application/system/CodeIgniter.php(398): CodeIgniter\CodeIgniter->runController()
#2 /application/system/CodeIgniter.php(306): CodeIgniter\CodeIgniter->handleRequest()
#3 /application/public/index.php(45): CodeIgniter\CodeIgniter->run()
#4 {main}
CRITICAL - 2020-04-22 13:11:14 --> Undefined property: App\Controllers\Auth::$load
#0 /application/app/Controllers/Auth.php(47): CodeIgniter\Debug\Exceptions->errorHandler()
#1 /application/system/CodeIgniter.php(910): App\Controllers\Auth->logout()
#2 /application/system/CodeIgniter.php(398): CodeIgniter\CodeIgniter->runController()
#3 /application/system/CodeIgniter.php(306): CodeIgniter\CodeIgniter->handleRequest()
#4 /application/public/index.php(45): CodeIgniter\CodeIgniter->run()
#5 {main}
CRITICAL - 2020-04-22 13:12:52 --> Undefined property: App\Controllers\Auth::$load
#0 /application/app/Controllers/Auth.php(47): CodeIgniter\Debug\Exceptions->errorHandler()
#1 /application/system/CodeIgniter.php(910): App\Controllers\Auth->logout()
#2 /application/system/CodeIgniter.php(398): CodeIgniter\CodeIgniter->runController()
#3 /application/system/CodeIgniter.php(306): CodeIgniter\CodeIgniter->handleRequest()
#4 /application/public/index.php(45): CodeIgniter\CodeIgniter->run()
#5 {main}
CRITICAL - 2020-04-22 13:12:55 --> Undefined property: App\Controllers\Auth::$load
#0 /application/app/Controllers/Auth.php(47): CodeIgniter\Debug\Exceptions->errorHandler()
#1 /application/system/CodeIgniter.php(910): App\Controllers\Auth->logout()
#2 /application/system/CodeIgniter.php(398): CodeIgniter\CodeIgniter->runController()
#3 /application/system/CodeIgniter.php(306): CodeIgniter\CodeIgniter->handleRequest()
#4 /application/public/index.php(45): CodeIgniter\CodeIgniter->run()
#5 {main}
CRITICAL - 2020-04-22 13:14:07 --> Call to undefined method App\Controllers\Auth::helpers()
#0 /application/system/CodeIgniter.php(910): App\Controllers\Auth->logout()
#1 /application/system/CodeIgniter.php(398): CodeIgniter\CodeIgniter->runController()
#2 /application/system/CodeIgniter.php(306): CodeIgniter\CodeIgniter->handleRequest()
#3 /application/public/index.php(45): CodeIgniter\CodeIgniter->run()
#4 {main}
CRITICAL - 2020-04-22 13:14:19 --> Class 'Firebase\JWT\JWT' not found
#0 /application/system/CodeIgniter.php(910): App\Controllers\Auth->logout()
#1 /application/system/CodeIgniter.php(398): CodeIgniter\CodeIgniter->runController()
#2 /application/system/CodeIgniter.php(306): CodeIgniter\CodeIgniter->handleRequest()
#3 /application/public/index.php(45): CodeIgniter\CodeIgniter->run()
#4 {main}
CRITICAL - 2020-04-22 13:15:23 --> require(/application/app/Controllers\vendor\autoload.php): failed to open stream: No such file or directory
#0 /application/app/Controllers/Auth.php(5): CodeIgniter\Debug\Exceptions->errorHandler()
#1 /application/app/Controllers/Auth.php(5): require()
#2 /application/system/Autoloader/Autoloader.php(365): require_once('/application/ap...')
#3 /application/system/Autoloader/Autoloader.php(296): CodeIgniter\Autoloader\Autoloader->requireFile()
#4 /application/system/Autoloader/Autoloader.php(258): CodeIgniter\Autoloader\Autoloader->loadInNamespace()
#5 [internal function]: CodeIgniter\Autoloader\Autoloader->loadClass()
#6 [internal function]: spl_autoload_call()
#7 /application/system/CodeIgniter.php(861): class_exists()
#8 /application/system/CodeIgniter.php(388): CodeIgniter\CodeIgniter->startController()
#9 /application/system/CodeIgniter.php(306): CodeIgniter\CodeIgniter->handleRequest()
#10 /application/public/index.php(45): CodeIgniter\CodeIgniter->run()
#11 {main}
CRITICAL - 2020-04-22 13:15:45 --> Class 'Firebase\JWT\JWT' not found
#0 /application/system/CodeIgniter.php(910): App\Controllers\Auth->logout()
#1 /application/system/CodeIgniter.php(398): CodeIgniter\CodeIgniter->runController()
#2 /application/system/CodeIgniter.php(306): CodeIgniter\CodeIgniter->handleRequest()
#3 /application/public/index.php(45): CodeIgniter\CodeIgniter->run()
#4 {main}
CRITICAL - 2020-04-22 13:17:00 --> Class 'Firebase\JWT\JWT' not found
#0 /application/system/CodeIgniter.php(910): App\Controllers\Auth->logout()
#1 /application/system/CodeIgniter.php(398): CodeIgniter\CodeIgniter->runController()
#2 /application/system/CodeIgniter.php(306): CodeIgniter\CodeIgniter->handleRequest()
#3 /application/public/index.php(45): CodeIgniter\CodeIgniter->run()
#4 {main}
CRITICAL - 2020-04-22 13:24:36 --> CodeIgniter\Autoloader\Autoloader::main(): Failed opening required 'jwt/src/BeforeValidException.php' (include_path='.:/usr/share/php')
#0 [internal function]: CodeIgniter\Debug\Exceptions->shutdownHandler()
#1 {main}
CRITICAL - 2020-04-22 13:24:53 --> CodeIgniter\Autoloader\Autoloader::main(): Failed opening required 'jwt/src/BeforeValidException.php' (include_path='.:/usr/share/php')
#0 [internal function]: CodeIgniter\Debug\Exceptions->shutdownHandler()
#1 {main}
CRITICAL - 2020-04-22 13:24:54 --> CodeIgniter\Autoloader\Autoloader::main(): Failed opening required 'jwt/src/BeforeValidException.php' (include_path='.:/usr/share/php')
#0 [internal function]: CodeIgniter\Debug\Exceptions->shutdownHandler()
#1 {main}
CRITICAL - 2020-04-22 13:25:00 --> CodeIgniter\Autoloader\Autoloader::main(): Failed opening required 'jwt/src/BeforeValidException.php' (include_path='.:/usr/share/php')
#0 [internal function]: CodeIgniter\Debug\Exceptions->shutdownHandler()
#1 {main}
CRITICAL - 2020-04-22 13:25:11 --> CodeIgniter\Autoloader\Autoloader::main(): Failed opening required 'jwt/src/BeforeValidException.php' (include_path='.:/usr/share/php')
#0 [internal function]: CodeIgniter\Debug\Exceptions->shutdownHandler()
#1 {main}
CRITICAL - 2020-04-22 13:27:18 --> CodeIgniter\Autoloader\Autoloader::main(): Failed opening required '../third_party/jwt/src/BeforeValidException.php' (include_path='.:/usr/share/php')
#0 [internal function]: CodeIgniter\Debug\Exceptions->shutdownHandler()
#1 {main}
CRITICAL - 2020-04-22 13:27:20 --> CodeIgniter\Autoloader\Autoloader::main(): Failed opening required '../third_party/jwt/src/BeforeValidException.php' (include_path='.:/usr/share/php')
#0 [internal function]: CodeIgniter\Debug\Exceptions->shutdownHandler()
#1 {main}
CRITICAL - 2020-04-22 13:29:23 --> CodeIgniter\Autoloader\Autoloader::main(): Failed opening required 'app/ThirdParty/jwt/src/JWT.php' (include_path='.:/usr/share/php')
#0 [internal function]: CodeIgniter\Debug\Exceptions->shutdownHandler()
#1 {main}
